
Showing logs for build [32mcb-kubecd-environment-pr-557-2-gc75c-1[0m stage [32mfrom-build-pack[0m and container [32mstep-credential-initializer-6jcxk[0m
{"level":"info","ts":1591625139.1592476,"logger":"fallback-logger","caller":"logging/config.go:69","msg":"Fetch GitHub commit ID from kodata failed: open /var/run/ko/refs/heads/0.8.0-ns-support: no such file or directory"}
{"level":"info","ts":1591625139.1600444,"logger":"fallback-logger","caller":"creds-init/main.go:40","msg":"Credentials initialized."}

Showing logs for build [32mcb-kubecd-environment-pr-557-2-gc75c-1[0m stage [32mfrom-build-pack[0m and container [32mstep-working-dir-initializer-ltbd9[0m
{"level":"info","ts":1591625140.6534684,"logger":"fallback-logger","caller":"logging/config.go:69","msg":"Fetch GitHub commit ID from kodata failed: open /var/run/ko/HEAD: no such file or directory"}
{"level":"info","ts":1591625140.6560147,"logger":"fallback-logger","caller":"bash/main.go:64","msg":"Successfully executed command \"sh -c mkdir -p /workspace/source\"; output "}

Showing logs for build [32mcb-kubecd-environment-pr-557-2-gc75c-1[0m stage [32mfrom-build-pack[0m and container [32mstep-place-tools[0m

Showing logs for build [32mcb-kubecd-environment-pr-557-2-gc75c-1[0m stage [32mfrom-build-pack[0m and container [32mstep-git-source-cb-kubecd-environment-pr-557-2-gc75c-vzcn7[0m
{"level":"info","ts":1591625144.7747958,"logger":"fallback-logger","caller":"logging/config.go:69","msg":"Fetch GitHub commit ID from kodata failed: open /var/run/ko/refs/heads/0.8.0-ns-support: no such file or directory"}
{"level":"info","ts":1591625145.8132114,"logger":"fallback-logger","caller":"git/git.go:103","msg":"Successfully cloned https://github.com/cb-kubecd/environment-pr-557-2-bdd-frontend-staging.git @ master in path /workspace/source"}

Showing logs for build [32mcb-kubecd-environment-pr-557-2-gc75c-1[0m stage [32mfrom-build-pack[0m and container [32mstep-git-merge[0m
Using SHAs from PULL_REFS=master:6549e19ce20ff37e060f63e039d81be17b509838,1:60a9ef55ebf1c0b1ff8da65864e0d538957e7d1a
DEBUG: LC_ALL=C JX_LOG_LEVEL=error git fetch origin --unshallow 60a9ef55ebf1c0b1ff8da65864e0d538957e7d1a: 6549e19ce20ff37e060f63e039d81be17b509838:
DEBUG: ran git fetch --unshallow origin 60a9ef55ebf1c0b1ff8da65864e0d538957e7d1a: 6549e19ce20ff37e060f63e039d81be17b509838: in 
DEBUG: LC_ALL=C JX_LOG_LEVEL=error git branch
DEBUG: LC_ALL=C JX_LOG_LEVEL=error git checkout master
DEBUG: ran git checkout master in 
DEBUG: LC_ALL=C JX_LOG_LEVEL=error git reset --hard 6549e19ce20ff37e060f63e039d81be17b509838
DEBUG: ran git reset --hard 6549e19ce20ff37e060f63e039d81be17b509838 in 
DEBUG: LC_ALL=C JX_LOG_LEVEL=error git clean -fd .
DEBUG: ran clean --force -d . in 
DEBUG: LC_ALL=C JX_LOG_LEVEL=error git merge 60a9ef55ebf1c0b1ff8da65864e0d538957e7d1a
DEBUG: ran git merge 60a9ef55ebf1c0b1ff8da65864e0d538957e7d1a in 
DEBUG: LC_ALL=C JX_LOG_LEVEL=error git log --format=%H%x1f%an%x1f%ae%x1f%cn%x1f%ce%x1f%s%n%b%x1e 6549e19ce20ff37e060f63e039d81be17b509838..HEAD
Merged SHA 60a9ef55ebf1c0b1ff8da65864e0d538957e7d1a with commit message 'chore: Promote bdd-nh-1591624083 to version 0.0.2' into base branch master

Showing logs for build [32mcb-kubecd-environment-pr-557-2-gc75c-1[0m stage [32mfrom-build-pack[0m and container [32mstep-build-helm-build[0m
WARNING: No $CHART_REPOSITORY defined so using the default value of: http://jenkins-x-chartmuseum:8080
Adding missing Helm repo: storage.googleapis.com https://storage.googleapis.com/chartmuseum.jenkins-x.io
WARNING: No secrets found on "helm/repos" due: reading the secret "helm/repos" from vault: no secret "helm/repos" not found in vault
Read credentials for https://storage.googleapis.com/chartmuseum.jenkins-x.io from vault helm/repos
Successfully added Helm repository storage.googleapis.com.
Adding missing Helm repo: jenkins-x-chartmuseum http://jenkins-x-chartmuseum:8080
WARNING: No secrets found on "helm/repos" due: reading the secret "helm/repos" from vault: no secret "helm/repos" not found in vault
Read credentials for http://jenkins-x-chartmuseum:8080 from vault helm/repos
Successfully added Helm repository jenkins-x-chartmuseum.
WARNING: No $CHART_REPOSITORY defined so using the default value of: http://jenkins-x-chartmuseum:8080
Adding missing Helm repo: chartmuseum.jenkins-x.io http://chartmuseum.jenkins-x.io
WARNING: No secrets found on "helm/repos" due: reading the secret "helm/repos" from vault: no secret "helm/repos" not found in vault
Read credentials for http://chartmuseum.jenkins-x.io from vault helm/repos
Successfully added Helm repository chartmuseum.jenkins-x.io.
